<?xml version="1.0" encoding="UTF-8"?>
<testsuite name="PresentersTest" tests="1" skipped="0" failures="0" errors="0" timestamp="2023-01-18T16:24:17" hostname="pippozord-Aspire-A515-52G" time="0.754">
  <properties/>
  <testcase name="firstPresenterRankView" classname="PresentersTest" time="0.754"/>
  <system-out><![CDATA[]]></system-out>
  <system-err><![CDATA[]]></system-err>
</testsuite>
