<?xml version="1.0" encoding="UTF-8"?>
<testsuite name="ModelTest" tests="3" skipped="0" failures="0" errors="0" timestamp="2023-01-18T15:33:02" hostname="pippozord-Aspire-A515-52G" time="0.743">
  <properties/>
  <testcase name="testNotifyObservers" classname="ModelTest" time="0.638"/>
  <testcase name="ReadFromFileTest" classname="ModelTest" time="0.104"/>
  <testcase name="addIntTimesTest" classname="ModelTest" time="0.001"/>
  <system-out><![CDATA[time: [57,9800] name: [BRIGNONE Federica]
time: [59,2400] name: [GASIENICA-DANIEL Maryna]
time: [59,1900] name: [GISIN Michelle]
time: [59,0700] name: [GUT-BEHRAMI Lara]
time: [57,5600] name: [HECTOR Sara]
time: [59,2100] name: [HOLDENER Wendy]
time: [58,4800] name: [HROVAT Meta]
time: [59,3400] name: [LIENSBERGER Katharina]
time: [58,5800] name: [MOWINCKEL Ragnhild]
time: [58,8100] name: [O BRIEN Nina]
time: [59,2900] name: [RAST Camille]
time: [59,3900] name: [STJERNESUND Thea Louise]
time: [57,8600] name: [TRUPPE Katharina]
time: [59,3400] name: [VLHOVA Petra]
time: [58,9300] name: [WORLEY Tessa]
]]></system-out>
  <system-err><![CDATA[]]></system-err>
</testsuite>
